{"/Users/maxwardle/BootcampRepo/Scooter-project/src/Scooter.js": {"path":"/Users/maxwardle/BootcampRepo/Scooter-project/src/Scooter.js","statementMap":{"0":{"start":{"line":6,"column":0},"end":{"line":6,"column":24}}},"fnMap":{},"branchMap":{},"s":{"0":1},"f":{},"b":{},"_coverageSchema":"1a1c01bbd47fc00a2c39e90264f33305004495a9","hash":"4c7349edbf359e0842d45a99722d16095da4d54a"}
,"/Users/maxwardle/BootcampRepo/Scooter-project/src/User.js": {"path":"/Users/maxwardle/BootcampRepo/Scooter-project/src/User.js","statementMap":{"0":{"start":{"line":5,"column":0},"end":{"line":5,"column":21}}},"fnMap":{},"branchMap":{},"s":{"0":1},"f":{},"b":{},"_coverageSchema":"1a1c01bbd47fc00a2c39e90264f33305004495a9","hash":"fcaa9db49c31e062024746c2e668d2470ed9e00d"}
}
